<?xml version="1.0" encoding="UTF-8"?>
<!-- Generated by org.testng.reporters.JUnitXMLReporter -->
<testsuite ignored="0" hostname="DESKTOP-O6I509E" failures="0" tests="7" name="Test" time="0.108" errors="0" timestamp="2023-01-23T13:06:28 IST">
  <testcase classname="CreateEmployee.Create" name="create" time="0.02"/>
  <testcase classname="CreateEmployee.Create" name="deleted" time="0.005"/>
  <testcase classname="CreateEmployee.Create" name="modify" time="0.002"/>
  <testcase classname="Application.Logout" name="closeBrowser" time="0.001"/>
  <testcase classname="Application.Logout" name="logout" time="0.001"/>
  <testcase classname="Application.Login" name="loginApp" time="0.003"/>
  <testcase classname="Application.Login" name="openBrowser" time="0.003"/>
</testsuite> <!-- Test -->
